Log file open, 01/09/19 14:18:21
LogWindows: Failed to load 'aqProf.dll' (GetLastError=126)
LogWindows: File 'aqProf.dll' does not exist
LogWindows: Failed to load 'VtuneApi.dll' (GetLastError=126)
LogWindows: File 'VtuneApi.dll' does not exist
LogWindows: Failed to load 'VtuneApi32e.dll' (GetLastError=126)
LogWindows: File 'VtuneApi32e.dll' does not exist
LogInit: Display: Running engine for game: JM_AssetPipeline
LogPlatformFile: Not using cached read wrapper
LogTaskGraph: Started task graph with 5 named threads and 23 total threads with 3 sets of task threads.
LogStats: Stats thread started at 0.274479
LogD3D11RHI: Loaded GFSDK_Aftermath_Lib.x64.dll
LogICUInternationalization: Display: ICU TimeZone Detection - Raw Offset: -7:00, Platform Override: ''
LogPluginManager: Mounting plugin Paper2D
LogPluginManager: Mounting plugin AISupport
LogPluginManager: Mounting plugin LightPropagationVolume
LogPluginManager: Mounting plugin CLionSourceCodeAccess
LogPluginManager: Mounting plugin CodeLiteSourceCodeAccess
LogPluginManager: Mounting plugin GitSourceControl
LogPluginManager: Mounting plugin KDevelopSourceCodeAccess
LogPluginManager: Mounting plugin NullSourceCodeAccess
LogPluginManager: Mounting plugin PerforceSourceControl
LogPluginManager: Mounting plugin SubversionSourceControl
LogPluginManager: Mounting plugin UObjectPlugin
LogPluginManager: Mounting plugin VisualStudioCodeSourceCodeAccess
LogPluginManager: Mounting plugin VisualStudioSourceCodeAccess
LogPluginManager: Mounting plugin XCodeSourceCodeAccess
LogPluginManager: Mounting plugin AssetManagerEditor
LogPluginManager: Mounting plugin CryptoKeys
LogPluginManager: Mounting plugin DataValidation
LogPluginManager: Mounting plugin FacialAnimation
LogPluginManager: Mounting plugin GameplayTagsEditor
LogPluginManager: Mounting plugin MacGraphicsSwitching
LogPluginManager: Mounting plugin MeshEditor
LogPluginManager: Mounting plugin MobileLauncherProfileWizard
LogPluginManager: Mounting plugin PluginBrowser
LogPluginManager: Mounting plugin SpeedTreeImporter
LogPluginManager: Mounting plugin DatasmithContent
LogPluginManager: Mounting plugin AlembicImporter
LogPluginManager: Mounting plugin AppleImageUtils
LogPluginManager: Mounting plugin AppleVision
LogPluginManager: Mounting plugin BackChannel
LogPluginManager: Mounting plugin CharacterAI
LogPluginManager: Mounting plugin GeometryCache
LogPluginManager: Mounting plugin HTML5Networking
LogPluginManager: Mounting plugin ProxyLODPlugin
LogPluginManager: Mounting plugin MagicLeap
LogPluginManager: Mounting plugin MagicLeapEmulator
LogPluginManager: Mounting plugin MagicLeapMedia
LogPluginManager: Mounting plugin AndroidMedia
LogPluginManager: Mounting plugin AvfMedia
LogPluginManager: Mounting plugin ImgMedia
LogPluginManager: Mounting plugin LinearTimecode
LogPluginManager: Mounting plugin MediaCompositing
LogPluginManager: Mounting plugin MediaPlayerEditor
LogPluginManager: Mounting plugin WmfMedia
LogPluginManager: Mounting plugin TcpMessaging
LogPluginManager: Mounting plugin UdpMessaging
LogPluginManager: Mounting plugin ActorSequence
LogPluginManager: Mounting plugin LevelSequenceEditor
LogPluginManager: Mounting plugin MatineeToLevelSequence
LogPluginManager: Mounting plugin NetcodeUnitTest
LogPluginManager: Mounting plugin NUTUnrealEngine4
LogPluginManager: Mounting plugin OnlineSubsystemGooglePlay
LogPluginManager: Mounting plugin OnlineSubsystemIOS
LogPluginManager: Mounting plugin OnlineSubsystem
LogPluginManager: Mounting plugin OnlineSubsystemNull
LogPluginManager: Mounting plugin OnlineSubsystemUtils
LogPluginManager: Mounting plugin LauncherChunkInstaller
LogPluginManager: Mounting plugin AndroidDeviceProfileSelector
LogPluginManager: Mounting plugin AndroidMoviePlayer
LogPluginManager: Mounting plugin AndroidPermission
LogPluginManager: Mounting plugin AppleMoviePlayer
LogPluginManager: Mounting plugin ArchVisCharacter
LogPluginManager: Mounting plugin AudioCapture
LogPluginManager: Mounting plugin CableComponent
LogPluginManager: Mounting plugin CustomMeshComponent
LogPluginManager: Mounting plugin EditableMesh
LogPluginManager: Mounting plugin ExampleDeviceProfileSelector
LogPluginManager: Mounting plugin GoogleCloudMessaging
LogPluginManager: Mounting plugin ImmediatePhysics
LogPluginManager: Mounting plugin IOSDeviceProfileSelector
LogPluginManager: Mounting plugin LinuxDeviceProfileSelector
LogPluginManager: Mounting plugin LocationServicesBPLibrary
LogPluginManager: Mounting plugin MobilePatchingUtils
LogPluginManager: Mounting plugin OculusVR
LogPluginManager: Plugin shader directory ../../../Engine/Plugins/Runtime/Oculus/OculusVR/Shaders found
LogPluginManager: Mapping shader source directory ../../../Engine/Plugins/Runtime/Oculus/OculusVR/Shaders to virtual directory /Plugin/OculusVR
LogPluginManager: Mounting plugin PhysXVehicles
LogPluginManager: Mounting plugin ProceduralMeshComponent
LogPluginManager: Mounting plugin RuntimePhysXCooking
LogPluginManager: Mounting plugin SteamVR
LogPluginManager: Mounting plugin WindowsMoviePlayer
LogStreaming: Display: Took  0.113s to configure plugins.
LogInit: Using libcurl 7.55.1-DEV
LogInit:  - built for x86_64-pc-win32
LogInit:  - supports SSL with OpenSSL/1.0.2h
LogInit:  - supports HTTP deflate (compression) using libz 1.2.8
LogInit:  - other features:
LogInit:      CURL_VERSION_SSL
LogInit:      CURL_VERSION_LIBZ
LogInit:      CURL_VERSION_IPV6
LogInit:      CURL_VERSION_ASYNCHDNS
LogInit:      CURL_VERSION_LARGEFILE
LogInit:      CURL_VERSION_IDN
LogInit:  CurlRequestOptions (configurable via config and command line):
LogInit:  - bVerifyPeer = false  - Libcurl will NOT verify peer certificate
LogInit:  - bUseHttpProxy = false  - Libcurl will NOT use HTTP proxy
LogInit:  - bDontReuseConnections = false  - Libcurl will reuse connections
LogInit:  - CertBundlePath = nullptr  - Libcurl will use whatever was configured at build time.
LogInit:  - MaxHostConnections = 16  - Libcurl will limit the number of connections to a host
LogInit:  - LocalHostAddr = Default
LogInit:  - BufferSize = 65536
LogInit: WinSock: version 1.1 (2.2), MaxSocks=32767, MaxUdp=65467
LogInit: Build: ++UE4+Release-4.20-CL-4369336
LogInit: Engine Version: 4.20.3-4369336+++UE4+Release-4.20
LogInit: Compatible Engine Version: 4.20.0-4212847+++UE4+Release-4.20
LogInit: Net CL: 4212847
LogInit: OS: Windows 10 (), CPU: Intel(R) Core(TM) i7-8809G CPU @ 3.10GHz, GPU: Radeon RX Vega M GH Graphics
LogInit: Compiled (64-bit): Sep 17 2018 12:26:19
LogInit: Compiled with Visual C++: 19.13.26129.00
LogInit: Build Configuration: Development
LogInit: Branch Name: ++UE4+Release-4.20
LogInit: Command Line: -EpicPortal  -epicusername="ΒRΕΕZΥ" -epicuserid=be670139be3c4c41919925310116f751 -epiclocale=en-US
LogInit: Base Directory: C:/Program Files/Epic Games/UE_4.20/Engine/Binaries/Win64/
LogInit: Installed Engine Build: 1
LogDevObjectVersion: Number of dev versions registered: 20
LogDevObjectVersion:   Dev-Blueprints (B0D832E4-1F89-4F0D-ACCF-7EB736FD4AA2): 10
LogDevObjectVersion:   Dev-Build (E1C64328-A22C-4D53-A36C-8E866417BD8C): 0
LogDevObjectVersion:   Dev-Core (375EC13C-06E4-48FB-B500-84F0262A717E): 2
LogDevObjectVersion:   Dev-Editor (E4B068ED-F494-42E9-A231-DA0B2E46BB41): 24
LogDevObjectVersion:   Dev-Framework (CFFC743F-43B0-4480-9391-14DF171D2073): 34
LogDevObjectVersion:   Dev-Mobile (B02B49B5-BB20-44E9-A304-32B752E40360): 2
LogDevObjectVersion:   Dev-Networking (A4E4105C-59A1-49B5-A7C5-40C4547EDFEE): 0
LogDevObjectVersion:   Dev-Online (39C831C9-5AE6-47DC-9A44-9C173E1C8E7C): 0
LogDevObjectVersion:   Dev-Physics (78F01B33-EBEA-4F98-B9B4-84EACCB95AA2): 0
LogDevObjectVersion:   Dev-Platform (6631380F-2D4D-43E0-8009-CF276956A95A): 0
LogDevObjectVersion:   Dev-Rendering (12F88B9F-8875-4AFC-A67C-D90C383ABD29): 26
LogDevObjectVersion:   Dev-Sequencer (7B5AE74C-D270-4C10-A958-57980B212A5A): 9
LogDevObjectVersion:   Dev-VR (D7296918-1DD6-4BDD-9DE2-64A83CC13884): 2
LogDevObjectVersion:   Dev-LoadTimes (C2A15278-BFE7-4AFE-6C17-90FF531DF755): 1
LogDevObjectVersion:   Private-Geometry (6EACA3D4-40EC-4CC1-B786-8BED09428FC5): 3
LogDevObjectVersion:   Dev-AnimPhys (29E575DD-E0A3-4627-9D10-D276232CDCEA): 17
LogDevObjectVersion:   Dev-ReflectionCapture (6B266CEC-1EC7-4B8F-A30B-E4D90942FC07): 1
LogDevObjectVersion:   Dev-Automation (0DF73D61-A23F-47EA-B727-89E90C41499A): 1
LogDevObjectVersion:   FortniteMain (601D1886-AC64-4F84-AA16-D3DE0DEAC7D6): 12
LogDevObjectVersion:   Dev-Enterprise (9DFFBCD6-494F-0158-E221-12823C92A888): 1
LogStreaming: Display: Took  0.000s to delete old logs.
LogInit: Presizing for max 8388607 objects, including 0 objects not considered by GC, pre-allocating 0 bytes for permanent pool.
LogInit: Object subsystem initialized
[2019.01.09-21.18.21:624][  0]LogInit: Selected Device Profile: [Windows]
[2019.01.09-21.18.21:624][  0]LogInit: Applying CVar settings loaded from the selected device profile: [Windows]
[2019.01.09-21.18.22:089][  0]LogHAL: Display: Platform has ~ 16 GB [17094914048 / 17179869184 / 16], which maps to Larger [LargestMinGB=32, LargerMinGB=12, DefaultMinGB=8, SmallerMinGB=6, SmallestMinGB=0)
[2019.01.09-21.18.22:090][  0]LogInit: Setting Device Profile CVar: [[r.Vulkan.UseRealUBs:1]]
[2019.01.09-21.18.22:090][  0]LogInit: Going up to parent DeviceProfile []
[2019.01.09-21.18.22:090][  0]LogInit: Computer: eae-n-034
[2019.01.09-21.18.22:090][  0]LogInit: User: u1188184
[2019.01.09-21.18.22:090][  0]LogInit: CPU Page size=4096, Cores=4
[2019.01.09-21.18.22:090][  0]LogInit: High frequency timer resolution =3.023437 MHz
[2019.01.09-21.18.22:090][  0]LogMemory: Memory total: Physical=15.9GB (16GB approx)
[2019.01.09-21.18.22:090][  0]LogMemory: Platform Memory Stats for Windows
[2019.01.09-21.18.22:090][  0]LogMemory: Process Physical Memory: 100.75 MB used, 100.75 MB peak
[2019.01.09-21.18.22:090][  0]LogMemory: Process Virtual Memory: 89.67 MB used, 89.67 MB peak
[2019.01.09-21.18.22:090][  0]LogMemory: Physical Memory: 7267.35 MB used,  9035.63 MB free, 16302.98 MB total
[2019.01.09-21.18.22:090][  0]LogMemory: Virtual Memory: 4639.15 MB used,  9035.63 MB free, 134217728.00 MB total
[2019.01.09-21.18.22:106][  0]LogInit: Using OS detected language (en-US).
[2019.01.09-21.18.22:106][  0]LogInit: Using OS detected locale (en-US).
[2019.01.09-21.18.22:107][  0]LogTextLocalizationManager: No specific localization for 'en-US' exists, so the 'en' localization will be used.
[2019.01.09-21.18.22:427][  0]LogStreaming: Display: Took  0.321s to InitEngineTextLocalization.
[2019.01.09-21.18.22:427][  0]LogInit: Setting process to per monitor DPI aware
[2019.01.09-21.18.22:466][  0]LogSlate: New Slate User Created.  User Index 0, Is Virtual User: 0
[2019.01.09-21.18.22:466][  0]LogSlate: Slate User Registered.  User Index 0, Is Virtual User: 0
[2019.01.09-21.18.22:646][  0]LogHMD: Failed to initialize OpenVR with code 110
[2019.01.09-21.18.22:646][  0]LogD3D11RHI: D3D11 adapters:
[2019.01.09-21.18.22:681][  0]LogD3D11RHI:    0. 'Radeon RX Vega M GH Graphics' (Feature Level 11_0)
[2019.01.09-21.18.22:681][  0]LogD3D11RHI:       4042/0/8151 MB DedicatedVideo/DedicatedSystem/SharedSystem, Outputs:1, VendorId:0x1002
[2019.01.09-21.18.22:693][  0]LogD3D11RHI:    1. 'Intel(R) HD Graphics 630' (Feature Level 11_0)
[2019.01.09-21.18.22:693][  0]LogD3D11RHI:       128/0/8151 MB DedicatedVideo/DedicatedSystem/SharedSystem, Outputs:0, VendorId:0x8086
[2019.01.09-21.18.22:694][  0]LogD3D11RHI:    2. 'Microsoft Basic Render Driver' (Feature Level 11_0)
[2019.01.09-21.18.22:694][  0]LogD3D11RHI:       0/0/8151 MB DedicatedVideo/DedicatedSystem/SharedSystem, Outputs:0, VendorId:0x1414
[2019.01.09-21.18.22:694][  0]LogD3D11RHI: Chosen D3D11 Adapter: 0
[2019.01.09-21.18.22:702][  0]LogD3D11RHI: Creating new Direct3DDevice
[2019.01.09-21.18.22:702][  0]LogD3D11RHI:     GPU DeviceId: 0x694c (for the marketing name, search the web for "GPU Device Id")
[2019.01.09-21.18.22:702][  0]LogWindows: EnumDisplayDevices:
[2019.01.09-21.18.22:703][  0]LogWindows:    0. 'Radeon RX Vega M GH Graphics' (P:1 D:1)
[2019.01.09-21.18.22:703][  0]LogWindows:    1. 'Radeon RX Vega M GH Graphics' (P:0 D:0)
[2019.01.09-21.18.22:703][  0]LogWindows:    2. 'Radeon RX Vega M GH Graphics' (P:0 D:0)
[2019.01.09-21.18.22:703][  0]LogWindows:    3. 'Radeon RX Vega M GH Graphics' (P:0 D:0)
[2019.01.09-21.18.22:704][  0]LogWindows:    4. 'Radeon RX Vega M GH Graphics' (P:0 D:0)
[2019.01.09-21.18.22:704][  0]LogWindows:    5. 'Radeon RX Vega M GH Graphics' (P:0 D:0)
[2019.01.09-21.18.22:704][  0]LogWindows:    6. 'Radeon RX Vega M GH Graphics' (P:0 D:0)
[2019.01.09-21.18.22:705][  0]LogWindows:    7. 'Intel(R) HD Graphics 630' (P:0 D:0)
[2019.01.09-21.18.22:705][  0]LogWindows:    8. 'Intel(R) HD Graphics 630' (P:0 D:0)
[2019.01.09-21.18.22:705][  0]LogWindows: DebugString: PrimaryIsNotTheChoosenAdapter PrimaryIsNotTheChoosenAdapter FoundDriverCount:7 
[2019.01.09-21.18.22:705][  0]LogD3D11RHI:     Adapter Name: Radeon RX Vega M GH Graphics
[2019.01.09-21.18.22:705][  0]LogD3D11RHI:   Driver Version: Adrenalin 18.9.1 (internal:24.20.11026.2001, unified:24.20.11026.2001)
[2019.01.09-21.18.22:705][  0]LogD3D11RHI:      Driver Date: 8-30-2018
[2019.01.09-21.18.22:705][  0]LogRHI: Texture pool is 2829 MB (70% of 4042 MB)
[2019.01.09-21.18.22:765][  0]LogD3D11RHI: Async texture creation enabled
[2019.01.09-21.18.22:774][  0]LogD3D11RHI: GPU Timing Frequency: 25.000000 (Debug: 2 1)
[2019.01.09-21.18.22:776][  0]LogShaderCompilers: Guid format shader working directory is -35 characters bigger than the processId version (../../../../../../Users/u1188184/Documents/GitHub/JM_AssetPipeline/JM_AssetPipeline/Intermediate/Shaders/WorkingDirectory/14904/).
[2019.01.09-21.18.22:776][  0]LogShaderCompilers: Cleaned the shader compiler working directory 'C:/Users/u1188184/AppData/Local/Temp/UnrealShaderWorkingDir/D823896241AC21DF06E4FCA070C6C9B8/'.
[2019.01.09-21.18.23:003][  0]LogTemp: Display: Loaded TP AllDesktopTargetPlatform
[2019.01.09-21.18.23:016][  0]LogTemp: Display: Loaded TP MacClientTargetPlatform
[2019.01.09-21.18.23:028][  0]LogTemp: Display: Loaded TP MacNoEditorTargetPlatform
[2019.01.09-21.18.23:039][  0]LogTemp: Display: Loaded TP MacServerTargetPlatform
[2019.01.09-21.18.23:053][  0]LogTemp: Display: Loaded TP MacTargetPlatform
[2019.01.09-21.18.23:065][  0]LogTemp: Display: Loaded TP WindowsClientTargetPlatform
[2019.01.09-21.18.23:079][  0]LogTemp: Display: Loaded TP WindowsNoEditorTargetPlatform
[2019.01.09-21.18.23:091][  0]LogTemp: Display: Loaded TP WindowsServerTargetPlatform
[2019.01.09-21.18.23:098][  0]LogTemp: Display: Loaded TP WindowsTargetPlatform
[2019.01.09-21.18.23:170][  0]LogTemp: Display: Loaded TP AndroidTargetPlatform
[2019.01.09-21.18.23:170][  0]LogTemp: Display: Loaded TP AndroidTargetPlatform
[2019.01.09-21.18.23:170][  0]LogTemp: Display: Loaded TP AndroidTargetPlatform
[2019.01.09-21.18.23:170][  0]LogTemp: Display: Loaded TP AndroidTargetPlatform
[2019.01.09-21.18.23:170][  0]LogTemp: Display: Loaded TP AndroidTargetPlatform
[2019.01.09-21.18.23:170][  0]LogTemp: Display: Loaded TP AndroidTargetPlatform
[2019.01.09-21.18.23:170][  0]LogTemp: Display: Loaded TP AndroidTargetPlatform
[2019.01.09-21.18.23:170][  0]LogTemp: Display: Loaded TP AndroidTargetPlatform
[2019.01.09-21.18.23:170][  0]LogTemp: Display: Loaded TP AndroidTargetPlatform
[2019.01.09-21.18.23:170][  0]LogTemp: Display: Loaded TP AndroidTargetPlatform
[2019.01.09-21.18.23:170][  0]LogTemp: Display: Loaded TP AndroidTargetPlatform
[2019.01.09-21.18.23:170][  0]LogTemp: Display: Loaded TP AndroidTargetPlatform
[2019.01.09-21.18.23:170][  0]LogTemp: Display: Loaded TP AndroidTargetPlatform
[2019.01.09-21.18.23:170][  0]LogTemp: Display: Loaded TP AndroidTargetPlatform
[2019.01.09-21.18.23:170][  0]LogTemp: Display: Loaded TP AndroidTargetPlatform
[2019.01.09-21.18.23:170][  0]LogTemp: Display: Loaded TP AndroidTargetPlatform
[2019.01.09-21.18.23:170][  0]LogTemp: Display: Loaded TP AndroidTargetPlatform
[2019.01.09-21.18.23:170][  0]LogTemp: Display: Loaded TP AndroidTargetPlatform
[2019.01.09-21.18.23:171][  0]LogTemp: Display: Loaded TP HTML5TargetPlatform
[2019.01.09-21.18.23:230][  0]LogTemp: Display: Loaded TP IOSTargetPlatform
[2019.01.09-21.18.23:230][  0]LogTemp: Display: Loaded TP IOSTargetPlatform
[2019.01.09-21.18.23:251][  0]LogTemp: Display: Loaded TP TVOSTargetPlatform
[2019.01.09-21.18.23:251][  0]LogTemp: Display: Loaded TP TVOSTargetPlatform
[2019.01.09-21.18.23:262][  0]LogTemp: Display: Loaded TP LinuxClientTargetPlatform
[2019.01.09-21.18.23:273][  0]LogTemp: Display: Loaded TP LinuxNoEditorTargetPlatform
[2019.01.09-21.18.23:284][  0]LogTemp: Display: Loaded TP LinuxServerTargetPlatform
[2019.01.09-21.18.23:295][  0]LogTemp: Display: Loaded TP LinuxTargetPlatform
[2019.01.09-21.18.23:302][  0]LogTemp: Display: Loaded TP LuminTargetPlatform
[2019.01.09-21.18.23:303][  0]LogTargetPlatformManager: Display: Building Assets For Windows
[2019.01.09-21.18.23:358][  0]LogXGEController: Cannot use XGE Controller as Incredibuild is not installed on this machine.
[2019.01.09-21.18.23:358][  0]LogShaderCompilers: Cannot use XGE Shader Compiler as Incredibuild is not installed on this machine.
[2019.01.09-21.18.23:358][  0]LogShaderCompilers: Display: Using Local Shader Compiler.
[2019.01.09-21.18.23:993][  0]LogDerivedDataCache: Display: Max Cache Size: 512 MB
[2019.01.09-21.18.24:056][  0]LogDerivedDataCache: Loaded boot cache 0.06s 87MB C:/Users/u1188184/AppData/Local/UnrealEngine/4.20/DerivedDataCache/Boot.ddc.
[2019.01.09-21.18.24:056][  0]LogDerivedDataCache: Display: Loaded Boot cache: C:/Users/u1188184/AppData/Local/UnrealEngine/4.20/DerivedDataCache/Boot.ddc
[2019.01.09-21.18.24:056][  0]LogDerivedDataCache: FDerivedDataBackendGraph:  Pak pak cache file ../../../../../../Users/u1188184/Documents/GitHub/JM_AssetPipeline/JM_AssetPipeline/DerivedDataCache/DDC.ddp not found, will not use a pak cache.
[2019.01.09-21.18.24:056][  0]LogDerivedDataCache: Unable to find inner node Pak for hierarchical cache Hierarchy.
[2019.01.09-21.18.24:056][  0]LogDerivedDataCache: FDerivedDataBackendGraph:  CompressedPak pak cache file ../../../../../../Users/u1188184/Documents/GitHub/JM_AssetPipeline/JM_AssetPipeline/DerivedDataCache/Compressed.ddp not found, will not use a pak cache.
[2019.01.09-21.18.24:056][  0]LogDerivedDataCache: Unable to find inner node CompressedPak for hierarchical cache Hierarchy.
[2019.01.09-21.18.24:068][  0]LogDerivedDataCache: Display: Pak cache opened for reading ../../../Engine/DerivedDataCache/Compressed.ddp.
[2019.01.09-21.18.24:080][  0]LogDerivedDataCache: Using Local data cache path C:/Users/u1188184/AppData/Local/UnrealEngine/Common/DerivedDataCache: Writable
[2019.01.09-21.18.24:080][  0]LogDerivedDataCache: Shared data cache path not found in *engine.ini, will not use an Shared cache.
[2019.01.09-21.18.24:080][  0]LogDerivedDataCache: Unable to find inner node Shared for hierarchical cache Hierarchy.
[2019.01.09-21.18.24:096][  0]LogMaterial: Verifying Global Shaders for PCD3D_SM5
[2019.01.09-21.18.24:097][  0]LogSlate: Using FreeType 2.6.0
[2019.01.09-21.18.24:097][  0]LogSlate: SlateFontServices - WITH_FREETYPE: 1, WITH_HARFBUZZ: 1
[2019.01.09-21.18.24:165][  0]LogAssetRegistry: FAssetRegistry took 0.0261 seconds to start up
[2019.01.09-21.18.24:463][  0]LogInit: Selected Device Profile: [Windows]
[2019.01.09-21.18.24:588][  0]LogSimplygon: Simplygon DLL not present - disabling.
[2019.01.09-21.18.24:592][  0]LogMeshReduction: Using SimplygonSwarm for distributed automatic mesh merging
[2019.01.09-21.18.24:592][  0]LogMeshReduction: Using ProxyLODMeshReduction for automatic mesh merging
[2019.01.09-21.18.24:592][  0]LogMeshReduction: Using QuadricMeshReduction for automatic static mesh reduction
[2019.01.09-21.18.24:592][  0]LogMeshReduction: No automatic skeletal mesh reduction module available
[2019.01.09-21.18.24:602][  0]LogNetVersion: JM_AssetPipeline 1.0.0, NetCL: 4212847, EngineNetVer: 5, GameNetVer: 0 (Checksum: 3810518438)
[2019.01.09-21.18.25:066][  0]LogPackageLocalizationCache: Processed 11 localized package path(s) for 2 prioritized culture(s) in 0.096405 seconds
[2019.01.09-21.18.25:072][  0]LogUObjectArray: 38425 objects as part of root set at end of initial load.
[2019.01.09-21.18.25:072][  0]LogUObjectAllocator: 6690864 out of 0 bytes used by permanent object pool.
[2019.01.09-21.18.25:072][  0]LogUObjectArray: CloseDisregardForGC: 0/0 objects in disregard for GC pool
[2019.01.09-21.18.25:915][  0]LogTcpMessaging: Initializing TcpMessaging bridge
[2019.01.09-21.18.25:940][  0]LogUdpMessaging: Initializing bridge on interface 0.0.0.0:0 to multicast group 230.0.0.1:6666.
[2019.01.09-21.18.26:073][  0]SourceControl: Source control is disabled
[2019.01.09-21.18.26:073][  0]SourceControl: Source control is disabled
[2019.01.09-21.18.26:074][  0]SourceControl: Source control is disabled
[2019.01.09-21.18.26:075][  0]SourceControl: Source control is disabled
[2019.01.09-21.18.26:226][  0]LogAndroidPermission: UAndroidPermissionCallbackProxy::GetInstance
[2019.01.09-21.18.26:297][  0]LogOcInput: OculusInput pre-init called
[2019.01.09-21.18.26:352][  0]LogEngine: Initializing Engine...
[2019.01.09-21.18.26:353][  0]LogHMD: Failed to initialize OpenVR with code 110
[2019.01.09-21.18.26:354][  0]LogStats: UGameplayTagsManager::ConstructGameplayTagTree: ImportINI prefixes -  0.000 s
[2019.01.09-21.18.26:354][  0]LogStats: UGameplayTagsManager::ConstructGameplayTagTree: Construct from data asset -  0.000 s
[2019.01.09-21.18.26:354][  0]LogStats: UGameplayTagsManager::ConstructGameplayTagTree: ImportINI -  0.000 s
[2019.01.09-21.18.26:354][  0]LogStats: UGameplayTagsManager::ConstructGameplayTagTree: GameplayTagTreeChangedEvent.Broadcast -  0.000 s
[2019.01.09-21.18.26:537][  0]LogInit: Initializing FReadOnlyCVARCache
[2019.01.09-21.18.26:552][  0]LogAIModule: Creating AISystem for world Untitled
[2019.01.09-21.18.26:574][  0]LogInit: XAudio2 using '4 - CintiqPro24P (AMD High Definition Audio Device)' : 2 channels at 48 kHz using 16 bits per sample (channel mask 0x3)
[2019.01.09-21.18.26:599][  0]LogInit: FAudioDevice initialized.
[2019.01.09-21.18.26:599][  0]LogNetVersion: Set ProjectVersion to 1.0.0.0. Version Checksum will be recalculated on next use.
[2019.01.09-21.18.26:689][  0]LogDerivedDataCache: Saved boot cache 0.09s 87MB C:/Users/u1188184/AppData/Local/UnrealEngine/4.20/DerivedDataCache/Boot.ddc.
[2019.01.09-21.18.27:204][  0]LogInit: Texture streaming: Enabled
[2019.01.09-21.18.27:222][  0]LogEngineSessionManager: EngineSessionManager initialized
[2019.01.09-21.18.27:239][  0]LogInit: Transaction tracking system initialized
[2019.01.09-21.18.27:260][  0]BlueprintLog: New page: Editor Load
[2019.01.09-21.18.27:378][  0]LocalizationService: Localization service is disabled
[2019.01.09-21.18.27:613][  0]LogFileCache: Scanning file cache for directory 'C:/Users/u1188184/Documents/GitHub/JM_AssetPipeline/JM_AssetPipeline/Content/' took 0.01s
[2019.01.09-21.18.27:613][  0]LogCook: Display: Max memory allowance for cook 16384mb min free memory 0mb
[2019.01.09-21.18.27:613][  0]LogCook: Display: Mobile HDR setting 1
[2019.01.09-21.18.27:613][  0]LogGameplayTags: Display: UGameplayTagsManager::DoneAddingNativeTags. DelegateIsBound: 0
[2019.01.09-21.18.27:613][  0]LogStats: UGameplayTagsManager::ConstructGameplayTagTree: ImportINI prefixes -  0.000 s
[2019.01.09-21.18.27:613][  0]LogStats: UGameplayTagsManager::ConstructGameplayTagTree: Construct from data asset -  0.000 s
[2019.01.09-21.18.27:613][  0]LogStats: UGameplayTagsManager::ConstructGameplayTagTree: ImportINI -  0.000 s
[2019.01.09-21.18.27:613][  0]LogStats: UGameplayTagsManager::ConstructGameplayTagTree: GameplayTagTreeChangedEvent.Broadcast -  0.000 s
[2019.01.09-21.18.27:736][  0]SourceControl: Source control is disabled
[2019.01.09-21.18.27:737][  0]Cmd: MAP LOAD FILE="../../../Engine/Content/Maps/Templates/Template_Default.umap" TEMPLATE=1 SHOWPROGRESS=1 FEATURELEVEL=3
[2019.01.09-21.18.27:737][  0]LightingResults: New page: Lighting Build
[2019.01.09-21.18.27:739][  0]MapCheck: New page: Map Check
[2019.01.09-21.18.27:740][  0]LightingResults: New page: Lighting Build
[2019.01.09-21.18.27:921][  0]LogAIModule: Creating AISystem for world Untitled_1
[2019.01.09-21.18.27:928][  0]LogEditorServer: Finished looking for orphan Actors (0.000 secs)
[2019.01.09-21.18.27:949][  0]Cmd: MAP CHECKDEP NOCLEARLOG
[2019.01.09-21.18.28:012][  0]MapCheck: Map check complete: 0 Error(s), 0 Warning(s), took 62.424ms to complete.
[2019.01.09-21.18.28:012][  0]LogFileHelpers: Loading map 'Template_Default' took 0.275
[2019.01.09-21.18.28:111][  0]LogSlate: Updating window title bar state: overlay mode, drag disabled, window buttons hidden, title bar hidden
[2019.01.09-21.18.28:117][  0]LogSlate: Updating window title bar state: overlay mode, drag disabled, window buttons hidden, title bar hidden
[2019.01.09-21.18.28:122][  0]LogSlate: Updating window title bar state: overlay mode, drag disabled, window buttons hidden, title bar hidden
[2019.01.09-21.18.28:127][  0]LogSlate: Updating window title bar state: overlay mode, drag disabled, window buttons hidden, title bar hidden
[2019.01.09-21.18.28:137][  0]LogCollectionManager: Loaded 0 collections in 0.001596 seconds
[2019.01.09-21.18.28:179][  0]LogFileCache: Scanning file cache for directory 'C:/Users/u1188184/Documents/GitHub/JM_AssetPipeline/JM_AssetPipeline/Saved/Collections/' took 0.01s
[2019.01.09-21.18.28:180][  0]LogFileCache: Scanning file cache for directory 'C:/Users/u1188184/Documents/GitHub/JM_AssetPipeline/JM_AssetPipeline/Content/Developers/u1188184/Collections/' took 0.01s
[2019.01.09-21.18.28:180][  0]LogFileCache: Scanning file cache for directory 'C:/Users/u1188184/Documents/GitHub/JM_AssetPipeline/JM_AssetPipeline/Content/Collections/' took 0.01s
[2019.01.09-21.18.28:180][  0]LogCollectionManager: Rebuilt the GUID cache for 0 collections in 0.000000 seconds
[2019.01.09-21.18.28:187][  0]LogContentBrowser: Native class hierarchy populated in 0.0078 seconds. Added 2572 classes and 603 folders.
[2019.01.09-21.18.28:194][  0]LogContentBrowser: Native class hierarchy updated for 'WidgetCarousel' in 0.0002 seconds. Added 0 classes and 0 folders.
[2019.01.09-21.18.28:558][  0]LogContentBrowser: Native class hierarchy updated for 'AddContentDialog' in 0.0002 seconds. Added 0 classes and 0 folders.
[2019.01.09-21.18.28:562][  0]LogContentBrowser: Native class hierarchy updated for 'SceneOutliner' in 0.0002 seconds. Added 1 classes and 2 folders.
[2019.01.09-21.18.28:575][  0]LogSlate: Took 0.000194 seconds to synchronously load lazily loaded font '../../../Engine/Content/Slate/Fonts/Roboto-Regular.ttf' (155K)
[2019.01.09-21.18.28:577][  0]LogSlate: Took 0.000169 seconds to synchronously load lazily loaded font '../../../Engine/Content/Slate/Fonts/Roboto-Bold.ttf' (160K)
[2019.01.09-21.18.28:586][  0]LogSlate: Took 0.004919 seconds to synchronously load lazily loaded font '../../../Engine/Content/Editor/Slate/Fonts/FontAwesome.ttf' (139K)
[2019.01.09-21.18.28:688][  0]LogRenderer: Reallocating scene render targets to support 1208x576 Format 10 NumSamples 1 (Frame:1).
[2019.01.09-21.18.28:915][  0]LogSlate: FSceneViewport::OnFocusLost() reason 2
[2019.01.09-21.18.28:928][  0]LogSlate: Window 'Tutorials' being destroyed
[2019.01.09-21.18.28:958][  0]LogContentBrowser: Native class hierarchy updated for 'HierarchicalLODOutliner' in 0.0002 seconds. Added 0 classes and 0 folders.
[2019.01.09-21.18.28:958][  0]LogLoad: (Engine Initialization) Total time: 9.15 seconds
[2019.01.09-21.18.28:958][  0]LogLoad: (Engine Initialization) Total Blueprint compile time: 0.00 seconds
[2019.01.09-21.18.28:972][  0]LogWindowsTextInputMethodSystem: Display: IME system now deactivated.
[2019.01.09-21.18.28:997][  0]LogAssetRegistry: Asset discovery search completed in 4.8551 seconds
[2019.01.09-21.18.28:998][  0]LogCollectionManager: Rebuilt the object cache for 0 collections in 0.000000 seconds (found 0 objects)
[2019.01.09-21.18.28:998][  0]LogCollectionManager: Fixed up redirectors for 0 collections in 0.000038 seconds (updated 0 objects)
[2019.01.09-21.18.29:000][  0]LogContentStreaming: Texture pool size now 1000 MB
[2019.01.09-21.18.35:716][761]LogSlate: FSceneViewport::OnFocusLost() reason 2
[2019.01.09-21.18.38:943][135]LogSlate: Took 0.029679 seconds to synchronously load lazily loaded font '../../../Engine/Content/Slate/Fonts/DroidSansMono.ttf' (77K)
[2019.01.09-21.18.47:527][160]LogSlate: FSceneViewport::OnFocusLost() reason 0
[2019.01.09-21.19.02:061][891]LogActorFactory: Actor Factory created Cube
[2019.01.09-21.19.02:842][980]LogActorFactory: Actor Factory created Cube
[2019.01.09-21.19.05:414][240]LogSlate: FSceneViewport::OnFocusLost() reason 0
[2019.01.09-21.19.05:567][254]LogSlate: Took 0.000268 seconds to synchronously load lazily loaded font '../../../Engine/Content/Slate/Fonts/Roboto-Light.ttf' (167K)
[2019.01.09-21.19.05:574][254]LogAssetEditorManager: Opening Asset editor for Material /Engine/BasicShapes/BasicShapeMaterial.BasicShapeMaterial
[2019.01.09-21.19.05:579][254]LogMaterial: Display: Missing cached shader map for material BasicShapeMaterial, compiling. 
[2019.01.09-21.19.06:016][254]LogMaterial: Display: Missing cached shader map for material BasicShapeMaterial, compiling. 
[2019.01.09-21.19.06:047][254]LogShaderCompilers: Display: Shaders left to compile 30
[2019.01.09-21.19.06:047][254]LogShaderCompilers: Display: Shaders left to compile 29
[2019.01.09-21.19.06:047][254]LogShaderCompilers: Display: Shaders left to compile 28
[2019.01.09-21.19.06:047][254]LogShaderCompilers: Display: Shaders left to compile 27
[2019.01.09-21.19.06:060][254]LogMaterial: Display: Missing cached shader map for material FMatExpressionPreview MaterialExpressionVectorParameter_0, compiling. 
[2019.01.09-21.19.06:088][254]LogSlate: Took 0.007191 seconds to synchronously load lazily loaded font '../../../Engine/Content/Slate/Fonts/Roboto-BoldCondensed.ttf' (158K)
[2019.01.09-21.19.06:276][255]LogSlate: Took 0.005462 seconds to synchronously load lazily loaded font '../../../Engine/Content/Slate/Fonts/Roboto-Italic.ttf' (157K)
[2019.01.09-21.19.06:814][296]LogShaderCompilers: Display: Shaders left to compile 28
[2019.01.09-21.19.06:863][300]LogShaderCompilers: Display: Shaders left to compile 27
[2019.01.09-21.19.06:865][300]LogShaderCompilers: Display: Shaders left to compile 26
[2019.01.09-21.19.06:865][300]LogShaderCompilers: Display: Shaders left to compile 25
[2019.01.09-21.19.06:992][307]LogShaderCompilers: Display: Shaders left to compile 24
[2019.01.09-21.19.07:026][309]LogShaderCompilers: Display: Shaders left to compile 23
[2019.01.09-21.19.07:041][310]LogShaderCompilers: Display: Shaders left to compile 22
[2019.01.09-21.19.07:069][312]LogShaderCompilers: Display: Shaders left to compile 21
[2019.01.09-21.19.07:171][319]LogShaderCompilers: Display: Shaders left to compile 20
[2019.01.09-21.19.07:329][328]LogShaderCompilers: Display: Shaders left to compile 19
[2019.01.09-21.19.07:471][337]LogShaderCompilers: Display: Shaders left to compile 18
[2019.01.09-21.19.07:499][339]LogShaderCompilers: Display: Shaders left to compile 17
[2019.01.09-21.19.07:589][345]LogShaderCompilers: Display: Shaders left to compile 16
[2019.01.09-21.19.07:756][356]LogShaderCompilers: Display: Shaders left to compile 15
[2019.01.09-21.19.07:801][359]LogShaderCompilers: Display: Shaders left to compile 14
[2019.01.09-21.19.07:922][368]LogShaderCompilers: Display: Shaders left to compile 13
[2019.01.09-21.19.07:975][373]LogShaderCompilers: Display: Shaders left to compile 12
[2019.01.09-21.19.08:001][375]LogShaderCompilers: Display: Shaders left to compile 11
[2019.01.09-21.19.08:186][389]LogShaderCompilers: Display: Shaders left to compile 10
[2019.01.09-21.19.08:239][393]LogShaderCompilers: Display: Shaders left to compile 9
[2019.01.09-21.19.08:327][401]LogShaderCompilers: Display: Shaders left to compile 8
[2019.01.09-21.19.08:397][406]LogShaderCompilers: Display: Shaders left to compile 7
[2019.01.09-21.19.08:468][412]LogShaderCompilers: Display: Shaders left to compile 6
[2019.01.09-21.19.08:598][422]LogShaderCompilers: Display: Shaders left to compile 5
[2019.01.09-21.19.08:711][431]LogShaderCompilers: Display: Shaders left to compile 4
[2019.01.09-21.19.08:722][432]LogShaderCompilers: Display: Shaders left to compile 3
[2019.01.09-21.19.08:841][442]LogShaderCompilers: Display: Shaders left to compile 2
[2019.01.09-21.19.08:938][449]LogShaderCompilers: Display: Shaders left to compile 1
[2019.01.09-21.19.09:089][462]MaterialEditorStats: Base pass shader: 102 instructions
[2019.01.09-21.19.09:089][462]MaterialEditorStats: Base pass shader with Surface Lightmap: 119 instructions
[2019.01.09-21.19.09:089][462]MaterialEditorStats: Base pass shader with Volumetric Lightmap: 175 instructions
[2019.01.09-21.19.09:089][462]MaterialEditorStats: Base pass vertex shader: 32 instructions
[2019.01.09-21.19.09:089][462]MaterialEditorStats: Texture samplers: 3/16
[2019.01.09-21.19.16:019][ 68]LogMaterial: Display: Missing cached shader map for material BasicShapeMaterial, compiling. 
[2019.01.09-21.19.16:036][ 68]LogMaterial: Display: Missing cached shader map for material BasicShapeMaterial, compiling. 
[2019.01.09-21.19.16:060][ 69]LogShaderCompilers: Display: Shaders left to compile 30
[2019.01.09-21.19.16:060][ 69]LogShaderCompilers: Display: Shaders left to compile 29
[2019.01.09-21.19.16:060][ 69]LogShaderCompilers: Display: Shaders left to compile 28
[2019.01.09-21.19.16:061][ 69]LogShaderCompilers: Display: Shaders left to compile 27
[2019.01.09-21.19.16:287][ 87]LogShaderCompilers: Display: Shaders left to compile 26
[2019.01.09-21.19.16:309][ 89]LogShaderCompilers: Display: Shaders left to compile 25
[2019.01.09-21.19.16:332][ 91]LogShaderCompilers: Display: Shaders left to compile 24
[2019.01.09-21.19.16:341][ 92]LogShaderCompilers: Display: Shaders left to compile 23
[2019.01.09-21.19.16:471][101]LogShaderCompilers: Display: Shaders left to compile 22
[2019.01.09-21.19.16:494][103]LogShaderCompilers: Display: Shaders left to compile 21
[2019.01.09-21.19.16:505][104]LogShaderCompilers: Display: Shaders left to compile 20
[2019.01.09-21.19.16:515][105]LogShaderCompilers: Display: Shaders left to compile 19
[2019.01.09-21.19.16:646][115]LogShaderCompilers: Display: Shaders left to compile 18
[2019.01.09-21.19.16:762][122]LogShaderCompilers: Display: Shaders left to compile 17
[2019.01.09-21.19.16:897][132]LogShaderCompilers: Display: Shaders left to compile 16
[2019.01.09-21.19.16:923][134]LogShaderCompilers: Display: Shaders left to compile 15
[2019.01.09-21.19.17:021][141]LogShaderCompilers: Display: Shaders left to compile 14
[2019.01.09-21.19.17:146][150]LogShaderCompilers: Display: Shaders left to compile 13
[2019.01.09-21.19.17:165][151]LogShaderCompilers: Display: Shaders left to compile 12
[2019.01.09-21.19.17:304][161]LogShaderCompilers: Display: Shaders left to compile 11
[2019.01.09-21.19.17:394][167]LogShaderCompilers: Display: Shaders left to compile 10
[2019.01.09-21.19.17:407][168]LogShaderCompilers: Display: Shaders left to compile 9
[2019.01.09-21.19.17:582][180]LogShaderCompilers: Display: Shaders left to compile 8
[2019.01.09-21.19.17:654][185]LogShaderCompilers: Display: Shaders left to compile 7
[2019.01.09-21.19.17:715][190]LogShaderCompilers: Display: Shaders left to compile 6
[2019.01.09-21.19.17:821][197]LogShaderCompilers: Display: Shaders left to compile 5
[2019.01.09-21.19.17:916][203]LogShaderCompilers: Display: Shaders left to compile 4
[2019.01.09-21.19.18:064][212]LogShaderCompilers: Display: Shaders left to compile 3
[2019.01.09-21.19.18:176][220]LogShaderCompilers: Display: Shaders left to compile 2
[2019.01.09-21.19.18:191][221]LogShaderCompilers: Display: Shaders left to compile 1
[2019.01.09-21.19.18:518][246]MaterialEditorStats: Base pass shader: 102 instructions
[2019.01.09-21.19.18:518][246]MaterialEditorStats: Base pass shader with Surface Lightmap: 119 instructions
[2019.01.09-21.19.18:518][246]MaterialEditorStats: Base pass shader with Volumetric Lightmap: 175 instructions
[2019.01.09-21.19.18:518][246]MaterialEditorStats: Base pass vertex shader: 32 instructions
[2019.01.09-21.19.18:518][246]MaterialEditorStats: Texture samplers: 3/16
[2019.01.09-21.19.19:362][319]LogMaterial: Display: Missing cached shader map for material BasicShapeMaterial, compiling. 
[2019.01.09-21.19.19:386][320]LogShaderCompilers: Display: Shaders left to compile 30
[2019.01.09-21.19.19:386][320]LogShaderCompilers: Display: Shaders left to compile 29
[2019.01.09-21.19.19:386][320]LogShaderCompilers: Display: Shaders left to compile 28
[2019.01.09-21.19.19:386][320]LogShaderCompilers: Display: Shaders left to compile 27
[2019.01.09-21.19.19:766][351]LogShaderCompilers: Display: Shaders left to compile 26
[2019.01.09-21.19.19:779][352]LogShaderCompilers: Display: Shaders left to compile 25
[2019.01.09-21.19.19:794][353]LogShaderCompilers: Display: Shaders left to compile 24
[2019.01.09-21.19.19:802][354]LogShaderCompilers: Display: Shaders left to compile 23
[2019.01.09-21.19.19:942][364]LogShaderCompilers: Display: Shaders left to compile 22
[2019.01.09-21.19.19:955][365]LogShaderCompilers: Display: Shaders left to compile 21
[2019.01.09-21.19.19:966][366]LogShaderCompilers: Display: Shaders left to compile 20
[2019.01.09-21.19.19:985][368]LogShaderCompilers: Display: Shaders left to compile 19
[2019.01.09-21.19.20:091][375]LogShaderCompilers: Display: Shaders left to compile 18
[2019.01.09-21.19.20:241][384]LogShaderCompilers: Display: Shaders left to compile 17
[2019.01.09-21.19.20:381][393]LogShaderCompilers: Display: Shaders left to compile 16
[2019.01.09-21.19.20:408][395]LogShaderCompilers: Display: Shaders left to compile 15
[2019.01.09-21.19.20:476][399]LogShaderCompilers: Display: Shaders left to compile 14
[2019.01.09-21.19.20:628][409]LogShaderCompilers: Display: Shaders left to compile 13
[2019.01.09-21.19.20:660][411]LogShaderCompilers: Display: Shaders left to compile 12
[2019.01.09-21.19.20:792][420]LogShaderCompilers: Display: Shaders left to compile 11
[2019.01.09-21.19.20:893][427]LogShaderCompilers: Display: Shaders left to compile 10
[2019.01.09-21.19.20:893][427]LogShaderCompilers: Display: Shaders left to compile 9
[2019.01.09-21.19.21:065][439]LogShaderCompilers: Display: Shaders left to compile 8
[2019.01.09-21.19.21:147][444]LogShaderCompilers: Display: Shaders left to compile 7
[2019.01.09-21.19.21:237][451]LogShaderCompilers: Display: Shaders left to compile 6
[2019.01.09-21.19.21:314][456]LogShaderCompilers: Display: Shaders left to compile 5
[2019.01.09-21.19.21:330][457]LogSlate: FSceneViewport::OnFocusLost() reason 0
[2019.01.09-21.19.21:395][463]LogShaderCompilers: Display: Shaders left to compile 4
[2019.01.09-21.19.21:499][471]LogShaderCompilers: Display: Shaders left to compile 3
[2019.01.09-21.19.21:643][481]LogShaderCompilers: Display: Shaders left to compile 2
[2019.01.09-21.19.21:656][482]LogShaderCompilers: Display: Shaders left to compile 1
[2019.01.09-21.19.21:982][508]MaterialEditorStats: Base pass shader: 102 instructions
[2019.01.09-21.19.21:982][508]MaterialEditorStats: Base pass shader with Surface Lightmap: 119 instructions
[2019.01.09-21.19.21:982][508]MaterialEditorStats: Base pass shader with Volumetric Lightmap: 175 instructions
[2019.01.09-21.19.21:982][508]MaterialEditorStats: Base pass vertex shader: 32 instructions
[2019.01.09-21.19.21:982][508]MaterialEditorStats: Texture samplers: 3/16
[2019.01.09-21.19.26:069][848]LogMaterial: Display: Missing cached shader map for material BasicShapeMaterial, compiling. 
[2019.01.09-21.19.26:093][848]LogShaderCompilers: Display: Shaders left to compile 30
[2019.01.09-21.19.26:093][848]LogShaderCompilers: Display: Shaders left to compile 29
[2019.01.09-21.19.26:093][848]LogShaderCompilers: Display: Shaders left to compile 28
[2019.01.09-21.19.26:093][848]LogShaderCompilers: Display: Shaders left to compile 27
[2019.01.09-21.19.26:093][848]LogMaterial: Display: Missing cached shader map for material FMatExpressionPreview MaterialExpressionVectorParameter_0, compiling. 
[2019.01.09-21.19.26:322][862]LogShaderCompilers: Display: Shaders left to compile 28
[2019.01.09-21.19.26:360][865]LogShaderCompilers: Display: Shaders left to compile 27
[2019.01.09-21.19.26:373][866]LogShaderCompilers: Display: Shaders left to compile 26
[2019.01.09-21.19.26:373][866]LogShaderCompilers: Display: Shaders left to compile 25
[2019.01.09-21.19.26:476][873]LogShaderCompilers: Display: Shaders left to compile 24
[2019.01.09-21.19.26:525][876]LogShaderCompilers: Display: Shaders left to compile 23
[2019.01.09-21.19.26:536][877]LogShaderCompilers: Display: Shaders left to compile 22
[2019.01.09-21.19.26:558][879]LogShaderCompilers: Display: Shaders left to compile 21
[2019.01.09-21.19.26:643][885]LogShaderCompilers: Display: Shaders left to compile 20
[2019.01.09-21.19.26:792][895]LogShaderCompilers: Display: Shaders left to compile 19
[2019.01.09-21.19.26:900][904]LogShaderCompilers: Display: Shaders left to compile 18
[2019.01.09-21.19.26:955][909]LogShaderCompilers: Display: Shaders left to compile 17
[2019.01.09-21.19.26:996][912]LogShaderCompilers: Display: Shaders left to compile 16
[2019.01.09-21.19.27:141][924]LogShaderCompilers: Display: Shaders left to compile 15
[2019.01.09-21.19.27:167][926]LogShaderCompilers: Display: Shaders left to compile 14
[2019.01.09-21.19.27:288][935]LogShaderCompilers: Display: Shaders left to compile 2
[2019.01.09-21.19.27:288][935]LogMaterial: Display: Missing cached shader map for material BasicShapeMaterial, compiling. 
[2019.01.09-21.19.27:313][935]LogMaterial: Display: Missing cached shader map for material FMatExpressionPreview MaterialExpressionVectorParameter_0, compiling. 
[2019.01.09-21.19.27:357][936]LogShaderCompilers: Display: Shaders left to compile 32
[2019.01.09-21.19.27:358][936]LogShaderCompilers: Display: Shaders left to compile 31
[2019.01.09-21.19.27:558][948]LogShaderCompilers: Display: Shaders left to compile 30
[2019.01.09-21.19.27:617][952]LogShaderCompilers: Display: Shaders left to compile 29
[2019.01.09-21.19.27:617][952]LogShaderCompilers: Display: Shaders left to compile 28
[2019.01.09-21.19.27:628][953]LogShaderCompilers: Display: Shaders left to compile 27
[2019.01.09-21.19.27:779][963]LogShaderCompilers: Display: Shaders left to compile 26
[2019.01.09-21.19.27:791][964]LogShaderCompilers: Display: Shaders left to compile 25
[2019.01.09-21.19.27:802][965]LogShaderCompilers: Display: Shaders left to compile 24
[2019.01.09-21.19.27:813][966]LogShaderCompilers: Display: Shaders left to compile 23
[2019.01.09-21.19.27:933][974]LogShaderCompilers: Display: Shaders left to compile 22
[2019.01.09-21.19.27:947][975]LogShaderCompilers: Display: Shaders left to compile 21
[2019.01.09-21.19.27:970][977]LogShaderCompilers: Display: Shaders left to compile 20
[2019.01.09-21.19.28:120][988]LogMaterial: Display: Missing cached shader map for material BasicShapeMaterial, compiling. 
[2019.01.09-21.19.28:151][988]LogMaterial: Display: Missing cached shader map for material FMatExpressionPreview MaterialExpressionVectorParameter_0, compiling. 
[2019.01.09-21.19.28:170][988]LogShaderCompilers: Display: Shaders left to compile 32
[2019.01.09-21.19.28:182][988]LogShaderCompilers: Display: Shaders left to compile 31
[2019.01.09-21.19.28:182][988]LogSlate: Window 'Color Picker' being destroyed
[2019.01.09-21.19.28:385][999]LogShaderCompilers: Display: Shaders left to compile 30
[2019.01.09-21.19.28:410][  1]LogShaderCompilers: Display: Shaders left to compile 29
[2019.01.09-21.19.28:443][  4]LogShaderCompilers: Display: Shaders left to compile 28
[2019.01.09-21.19.28:455][  5]LogShaderCompilers: Display: Shaders left to compile 27
[2019.01.09-21.19.28:600][ 15]LogShaderCompilers: Display: Shaders left to compile 26
[2019.01.09-21.19.28:624][ 17]LogShaderCompilers: Display: Shaders left to compile 25
[2019.01.09-21.19.28:636][ 18]LogShaderCompilers: Display: Shaders left to compile 24
[2019.01.09-21.19.28:646][ 19]LogShaderCompilers: Display: Shaders left to compile 23
[2019.01.09-21.19.28:759][ 27]LogShaderCompilers: Display: Shaders left to compile 22
[2019.01.09-21.19.28:785][ 29]LogShaderCompilers: Display: Shaders left to compile 21
[2019.01.09-21.19.28:799][ 30]LogShaderCompilers: Display: Shaders left to compile 20
[2019.01.09-21.19.29:040][ 46]LogShaderCompilers: Display: Shaders left to compile 19
[2019.01.09-21.19.29:082][ 48]LogShaderCompilers: Display: Shaders left to compile 18
[2019.01.09-21.19.29:236][ 59]LogShaderCompilers: Display: Shaders left to compile 17
[2019.01.09-21.19.29:236][ 59]LogShaderCompilers: Display: Shaders left to compile 16
[2019.01.09-21.19.29:370][ 68]LogShaderCompilers: Display: Shaders left to compile 15
[2019.01.09-21.19.29:516][ 77]LogShaderCompilers: Display: Shaders left to compile 14
[2019.01.09-21.19.29:671][ 87]LogShaderCompilers: Display: Shaders left to compile 13
[2019.01.09-21.19.29:700][ 89]LogShaderCompilers: Display: Shaders left to compile 12
[2019.01.09-21.19.29:733][ 91]LogShaderCompilers: Display: Shaders left to compile 11
[2019.01.09-21.19.29:967][106]LogShaderCompilers: Display: Shaders left to compile 10
[2019.01.09-21.19.29:985][107]LogShaderCompilers: Display: Shaders left to compile 9
[2019.01.09-21.19.30:198][121]LogShaderCompilers: Display: Shaders left to compile 8
[2019.01.09-21.19.30:216][122]LogShaderCompilers: Display: Shaders left to compile 7
[2019.01.09-21.19.30:269][126]LogShaderCompilers: Display: Shaders left to compile 6
[2019.01.09-21.19.30:402][135]LogShaderCompilers: Display: Shaders left to compile 5
[2019.01.09-21.19.30:519][142]LogShaderCompilers: Display: Shaders left to compile 4
[2019.01.09-21.19.30:664][152]LogShaderCompilers: Display: Shaders left to compile 3
[2019.01.09-21.19.30:704][155]LogShaderCompilers: Display: Shaders left to compile 2
[2019.01.09-21.19.30:777][160]LogShaderCompilers: Display: Shaders left to compile 1
[2019.01.09-21.19.30:953][171]MaterialEditorStats: Base pass shader: 102 instructions
[2019.01.09-21.19.30:953][171]MaterialEditorStats: Base pass shader with Surface Lightmap: 119 instructions
[2019.01.09-21.19.30:953][171]MaterialEditorStats: Base pass shader with Volumetric Lightmap: 175 instructions
[2019.01.09-21.19.30:954][171]MaterialEditorStats: Base pass vertex shader: 32 instructions
[2019.01.09-21.19.30:954][171]MaterialEditorStats: Texture samplers: 3/16
[2019.01.09-21.19.32:103][265]LogMaterialEditor: Applying material BasicShapeMaterial
[2019.01.09-21.19.32:566][265]LogMaterial: Display: Missing cached shader map for material BasicShapeMaterial, compiling. 
[2019.01.09-21.19.32:626][265]LogShaderCompilers: Display: Shaders left to compile 30
[2019.01.09-21.19.32:626][265]LogShaderCompilers: Display: Shaders left to compile 29
[2019.01.09-21.19.32:626][265]LogShaderCompilers: Display: Shaders left to compile 28
[2019.01.09-21.19.32:626][265]LogShaderCompilers: Display: Shaders left to compile 27
[2019.01.09-21.19.32:642][265]LogMaterial: Display: Missing cached shader map for material BasicShapeMaterial, compiling. 
[2019.01.09-21.19.32:689][265]LogMaterial: Display: Missing cached shader map for material BasicShapeMaterial, compiling. 
[2019.01.09-21.19.32:756][265]LogMaterial: Display: Missing cached shader map for material FDebugViewModeMaterialProxy BasicShapeMaterial, compiling. 
[2019.01.09-21.19.34:476][265]LogShaderCompilers: Display: Shaders left to compile 88
[2019.01.09-21.19.34:477][265]LogShaderCompilers: Display: Shaders left to compile 87
[2019.01.09-21.19.34:477][265]LogShaderCompilers: Display: Shaders left to compile 86
[2019.01.09-21.19.34:477][265]LogShaderCompilers: Display: Shaders left to compile 85
[2019.01.09-21.19.34:477][265]LogShaderCompilers: Display: Shaders left to compile 84
[2019.01.09-21.19.34:477][265]LogShaderCompilers: Display: Shaders left to compile 83
[2019.01.09-21.19.34:477][265]LogShaderCompilers: Display: Shaders left to compile 82
[2019.01.09-21.19.34:477][265]LogShaderCompilers: Display: Shaders left to compile 81
[2019.01.09-21.19.34:477][265]LogShaderCompilers: Display: Shaders left to compile 80
[2019.01.09-21.19.34:477][265]LogShaderCompilers: Display: Shaders left to compile 79
[2019.01.09-21.19.34:477][265]LogShaderCompilers: Display: Shaders left to compile 78
[2019.01.09-21.19.34:477][265]LogShaderCompilers: Display: Shaders left to compile 77
[2019.01.09-21.19.34:478][265]LogShaderCompilers: Display: Shaders left to compile 76
[2019.01.09-21.19.34:478][265]LogShaderCompilers: Display: Shaders left to compile 75
[2019.01.09-21.19.34:478][265]LogShaderCompilers: Display: Shaders left to compile 74
[2019.01.09-21.19.34:478][265]LogShaderCompilers: Display: Shaders left to compile 73
[2019.01.09-21.19.34:478][265]LogShaderCompilers: Display: Shaders left to compile 72
[2019.01.09-21.19.34:478][265]LogShaderCompilers: Display: Shaders left to compile 71
[2019.01.09-21.19.34:478][265]LogShaderCompilers: Display: Shaders left to compile 70
[2019.01.09-21.19.34:478][265]LogShaderCompilers: Display: Shaders left to compile 69
[2019.01.09-21.19.34:479][265]LogShaderCompilers: Display: Shaders left to compile 68
[2019.01.09-21.19.34:479][265]LogShaderCompilers: Display: Shaders left to compile 67
[2019.01.09-21.19.34:479][265]LogShaderCompilers: Display: Shaders left to compile 66
[2019.01.09-21.19.34:479][265]LogShaderCompilers: Display: Shaders left to compile 65
[2019.01.09-21.19.34:479][265]LogShaderCompilers: Display: Shaders left to compile 64
[2019.01.09-21.19.34:479][265]LogShaderCompilers: Display: Shaders left to compile 63
[2019.01.09-21.19.34:479][265]LogShaderCompilers: Display: Shaders left to compile 62
[2019.01.09-21.19.34:479][265]LogShaderCompilers: Display: Shaders left to compile 61
[2019.01.09-21.19.34:480][265]LogShaderCompilers: Display: Shaders left to compile 51
[2019.01.09-21.19.34:480][265]LogShaderCompilers: Display: Shaders left to compile 41
[2019.01.09-21.19.34:482][265]TextureStreamingBuild: Display: Compiling optional shaders took 1.733 seconds.
[2019.01.09-21.19.34:550][267]LogShaderCompilers: Display: Shaders left to compile 31
[2019.01.09-21.19.36:290][385]LogShaderCompilers: Display: Shaders left to compile 21
[2019.01.09-21.19.36:787][419]LogShaderCompilers: Display: Shaders left to compile 11
[2019.01.09-21.19.37:742][480]LogShaderCompilers: Display: Shaders left to compile 1
[2019.01.09-21.19.37:925][494]LogSlate: FSceneViewport::OnFocusLost() reason 0
[2019.01.09-21.19.38:033][505]LogSlate: Window 'BasicShapeMaterial*' being destroyed
[2019.01.09-21.19.38:037][505]LogSlate: Window 'BasicShapeMaterial*' being destroyed
[2019.01.09-21.19.59:939][917]LogSlate: FSceneViewport::OnFocusLost() reason 0
[2019.01.09-21.20.18:037][495]LogSlate: Window 'Save Level As' being destroyed
[2019.01.09-21.20.18:112][495]Cmd: OBJ SAVEPACKAGE PACKAGE="/Game/Untitled" FILE="../../../../../../Users/u1188184/Documents/GitHub/JM_AssetPipeline/JM_AssetPipeline/Content/Untitled.umap" SILENT=true AUTOSAVING=false KEEPDIRTY=false
[2019.01.09-21.20.18:165][495]LogSavePackage: Moving '../../../../../../Users/u1188184/Documents/GitHub/JM_AssetPipeline/JM_AssetPipeline/Saved/UntitledB16725A34FEA5B968022ADB362019897.tmp' to '../../../../../../Users/u1188184/Documents/GitHub/JM_AssetPipeline/JM_AssetPipeline/Content/Untitled.umap'
[2019.01.09-21.20.18:192][495]LogFileHelpers: Saving map 'Untitled' took 0.148
[2019.01.09-21.20.18:217][495]Cmd: OBJ SAVEPACKAGE PACKAGE="/Engine/BasicShapes/BasicShapeMaterial" FILE="../../../Engine/Content/BasicShapes/BasicShapeMaterial.uasset" SILENT=true
[2019.01.09-21.20.18:241][495]LogSavePackage: Moving '../../../../../../Users/u1188184/Documents/GitHub/JM_AssetPipeline/JM_AssetPipeline/Saved/BasicShapeMaterial73D22E7540F84B4B1D04398537C2BD42.tmp' to '../../../Engine/Content/BasicShapes/BasicShapeMaterial.uasset'
[2019.01.09-21.20.25:265][748]LogEditorViewport: Clicking on Actor (LMB): StaticMeshActor (Floor)
[2019.01.09-21.20.25:476][766]LogEditorViewport: Clicking on Actor (LMB): StaticMeshActor (Floor)
[2019.01.09-21.20.27:467][955]LogSlate: FSceneViewport::OnFocusLost() reason 2
[2019.01.09-21.20.31:037][374]LogEditorViewport: Clicking on Actor (LMB): StaticMeshActor (Cube)
[2019.01.09-21.20.32:782][521]LogSlate: FSceneViewport::OnFocusLost() reason 0
[2019.01.09-21.20.34:262][653]LogEditorViewport: Clicking on Actor (LMB): StaticMeshActor (Floor)
[2019.01.09-21.20.35:348][735]LogSlate: FSceneViewport::OnFocusLost() reason 0
[2019.01.09-21.20.39:297][175]LogSlate: FSceneViewport::OnFocusLost() reason 0
[2019.01.09-21.20.39:395][185]Cmd: OBJ SAVEPACKAGE PACKAGE="/Game/Untitled" FILE="../../../../../../Users/u1188184/Documents/GitHub/JM_AssetPipeline/JM_AssetPipeline/Content/Untitled.umap" SILENT=true AUTOSAVING=false KEEPDIRTY=false
[2019.01.09-21.20.39:458][185]LogSavePackage: Moving '../../../../../../Users/u1188184/Documents/GitHub/JM_AssetPipeline/JM_AssetPipeline/Saved/UntitledD4E147DE42C714EE35049D9CAC5D1E26.tmp' to '../../../../../../Users/u1188184/Documents/GitHub/JM_AssetPipeline/JM_AssetPipeline/Content/Untitled.umap'
[2019.01.09-21.20.39:480][185]Cmd: OBJ SAVEPACKAGE PACKAGE="/Game/Untitled_BuiltData" FILE="../../../../../../Users/u1188184/Documents/GitHub/JM_AssetPipeline/JM_AssetPipeline/Content/Untitled_BuiltData.uasset" SILENT=true
[2019.01.09-21.20.39:498][185]LogSavePackage: Moving '../../../../../../Users/u1188184/Documents/GitHub/JM_AssetPipeline/JM_AssetPipeline/Saved/Untitled_BuiltDataFCBD58824A32FD540EB810B78D2B54CC.tmp' to '../../../../../../Users/u1188184/Documents/GitHub/JM_AssetPipeline/JM_AssetPipeline/Content/Untitled_BuiltData.uasset'
[2019.01.09-21.20.40:670][314]LogSlate: FSceneViewport::OnFocusLost() reason 2
